<?xml version="1.0" encoding="UTF-8"?>
<!-- Generated by org.testng.reporters.JUnitXMLReporter -->
<testsuite ignored="0" hostname="LAPTOP-UICENVRK" failures="2" tests="5" name="SubmitOrder" time="6.452" errors="0" timestamp="29 May 2024 08:25:33 GMT">
  <testcase classname="rahulshettyacademy.TestNGFramework2" name="submitOrders" time="0.0">
    <skipped/>
  </testcase> <!-- submitOrders -->
  <testcase classname="rahulshettyacademy.TestNGFramework2" name="finalValidation" time="0.0">
    <skipped/>
  </testcase> <!-- finalValidation -->
  <testcase classname="rahulshettyacademy.ErrorValidation" name="errorTest" time="0.432">
    <skipped/>
  </testcase> <!-- errorTest -->
  <testcase classname="rahulshettyacademy.ErrorValidation" name="errorTest" time="0.249">
    <failure type="java.lang.AssertionError" message="expected [Incorrect email or password.   ] but found [Incorrect email or password.]">
      <![CDATA[java.lang.AssertionError: expected [Incorrect email or password.   ] but found [Incorrect email or password.]
at rahulshettyacademy.ErrorValidation.errorTest(ErrorValidation.java:20)
at java.base/java.util.concurrent.ThreadPoolExecutor.runWorker(ThreadPoolExecutor.java:1144)
at java.base/java.util.concurrent.ThreadPoolExecutor$Worker.run(ThreadPoolExecutor.java:642)
at java.base/java.lang.Thread.run(Thread.java:1583)
... Removed 14 stack frames]]>
    </failure>
  </testcase> <!-- errorTest -->
  <testcase classname="rahulshettyacademy.ErrorValidation" name="errorTest" time="6.187">
    <failure type="java.lang.NoClassDefFoundError" message="org/apache/commons/io/FileUtils">
      <![CDATA[java.lang.NoClassDefFoundError: org/apache/commons/io/FileUtils
at rahulshettyacademy.testcomponents.BaseTest.takeScreenShot(BaseTest.java:77)
at rahulshettyacademy.testcomponents.Listeners.onTestFailure(Listeners.java:50)
at java.base/java.util.concurrent.ThreadPoolExecutor.runWorker(ThreadPoolExecutor.java:1144)
at java.base/java.util.concurrent.ThreadPoolExecutor$Worker.run(ThreadPoolExecutor.java:642)
at java.base/java.lang.Thread.run(Thread.java:1583)
Caused by: java.lang.ClassNotFoundException: org.apache.commons.io.FileUtils
... 12 more
... Removed 7 stack frames]]>
    </failure>
  </testcase> <!-- errorTest -->
</testsuite> <!-- SubmitOrder -->
